{"text": "2024-01-27 06:24:45 | INFO    | __main__:stash:131 | run - {'image': '20231121', 'version': '0.10.1.post2', 'role': 'EpicPlayer', 'headless': True}\n", "record": {"elapsed": {"repr": "0:00:01.109696", "seconds": 1.109696}, "exception": null, "extra": {"image": "20231121", "version": "0.10.1.post2", "role": "EpicPlayer", "headless": true}, "file": {"name": "claim.py", "path": "/home/runner/work/aaa/aaa/epic/src/claim.py"}, "function": "stash", "level": {"icon": "‚ÑπÔ∏è", "name": "INFO", "no": 20}, "line": 131, "message": "run", "module": "claim", "name": "__main__", "process": {"id": 3547, "name": "MainProcess"}, "thread": {"id": 140646021131136, "name": "MainThread"}, "time": {"repr": "2024-01-27 06:24:45.109793+08:00", "timestamp": 1706307885.109793}}}
{"text": "2024-01-27 06:24:53 | INFO    | __main__:claim_epic_games:97 | Try to flush cookie - {'task': 'claim_epic_games'}\n", "record": {"elapsed": {"repr": "0:00:09.287870", "seconds": 9.28787}, "exception": null, "extra": {"task": "claim_epic_games"}, "file": {"name": "claim.py", "path": "/home/runner/work/aaa/aaa/epic/src/claim.py"}, "function": "claim_epic_games", "level": {"icon": "‚ÑπÔ∏è", "name": "INFO", "no": 20}, "line": 97, "message": "Try to flush cookie", "module": "claim", "name": "__main__", "process": {"id": 3547, "name": "MainProcess"}, "thread": {"id": 140646021131136, "name": "MainThread"}, "time": {"repr": "2024-01-27 06:24:53.287967+08:00", "timestamp": 1706307893.287967}}}
{"text": "2024-01-27 06:24:55 | SUCCESS    | epic_games.agent:_login:253 | login - {'result': 'Successfully refreshed tokens'}\n", "record": {"elapsed": {"repr": "0:00:11.541842", "seconds": 11.541842}, "exception": null, "extra": {"result": "Successfully refreshed tokens"}, "file": {"name": "agent.py", "path": "/home/runner/work/aaa/aaa/epic/src/epic_games/agent.py"}, "function": "_login", "level": {"icon": "‚úÖ", "name": "SUCCESS", "no": 25}, "line": 253, "message": "login", "module": "agent", "name": "epic_games.agent", "process": {"id": 3547, "name": "MainProcess"}, "thread": {"id": 140646021131136, "name": "MainThread"}, "time": {"repr": "2024-01-27 06:24:55.541939+08:00", "timestamp": 1706307895.541939}}}
{"text": "2024-01-27 06:25:07 | SUCCESS    | epic_games.agent:flush_token:280 | flush_token - {'path': PosixPath('/home/runner/work/aaa/aaa/epic/user_data_dir/epic-games@1154957208/ctx_cookie.json')}\n", "record": {"elapsed": {"repr": "0:00:23.655837", "seconds": 23.655837}, "exception": null, "extra": {"path": "/home/runner/work/aaa/aaa/epic/user_data_dir/epic-games@1154957208/ctx_cookie.json"}, "file": {"name": "agent.py", "path": "/home/runner/work/aaa/aaa/epic/src/epic_games/agent.py"}, "function": "flush_token", "level": {"icon": "‚úÖ", "name": "SUCCESS", "no": 25}, "line": 280, "message": "flush_token", "module": "agent", "name": "epic_games.agent", "process": {"id": 3547, "name": "MainProcess"}, "thread": {"id": 140646021131136, "name": "MainThread"}, "time": {"repr": "2024-01-27 06:25:07.655934+08:00", "timestamp": 1706307907.655934}}}
{"text": "2024-01-27 06:25:07 | WARNING    | epic_games.agent:get_order_history:467 | Failed to get order history, cookie may have expired - {}\n", "record": {"elapsed": {"repr": "0:00:23.752850", "seconds": 23.75285}, "exception": null, "extra": {}, "file": {"name": "agent.py", "path": "/home/runner/work/aaa/aaa/epic/src/epic_games/agent.py"}, "function": "get_order_history", "level": {"icon": "‚ö†Ô∏è", "name": "WARNING", "no": 30}, "line": 467, "message": "Failed to get order history, cookie may have expired", "module": "agent", "name": "epic_games.agent", "process": {"id": 3547, "name": "MainProcess"}, "thread": {"id": 140646021131136, "name": "MainThread"}, "time": {"repr": "2024-01-27 06:25:07.752947+08:00", "timestamp": 1706307907.752947}}}
{"text": "2024-01-27 06:25:07 | DEBUG    | __main__:create_tasks:66 | Put task - {'title': 'Infinifactory', 'url': 'https://store.epicgames.com/en-US/p/infinifactory-ec9686'}\n", "record": {"elapsed": {"repr": "0:00:23.940132", "seconds": 23.940132}, "exception": null, "extra": {"title": "Infinifactory", "url": "https://store.epicgames.com/en-US/p/infinifactory-ec9686"}, "file": {"name": "claim.py", "path": "/home/runner/work/aaa/aaa/epic/src/claim.py"}, "function": "create_tasks", "level": {"icon": "üêû", "name": "DEBUG", "no": 10}, "line": 66, "message": "Put task", "module": "claim", "name": "__main__", "process": {"id": 3547, "name": "MainProcess"}, "thread": {"id": 140646021131136, "name": "MainThread"}, "time": {"repr": "2024-01-27 06:25:07.940229+08:00", "timestamp": 1706307907.940229}}}
{"text": "2024-01-27 06:25:07 | INFO    | epic_games.agent:claim_weekly_games:294 | claim_weekly_games - {'action': 'go to store', 'url': 'https://store.epicgames.com/en-US/p/infinifactory-ec9686'}\n", "record": {"elapsed": {"repr": "0:00:23.940657", "seconds": 23.940657}, "exception": null, "extra": {"action": "go to store", "url": "https://store.epicgames.com/en-US/p/infinifactory-ec9686"}, "file": {"name": "agent.py", "path": "/home/runner/work/aaa/aaa/epic/src/epic_games/agent.py"}, "function": "claim_weekly_games", "level": {"icon": "‚ÑπÔ∏è", "name": "INFO", "no": 20}, "line": 294, "message": "claim_weekly_games", "module": "agent", "name": "epic_games.agent", "process": {"id": 3547, "name": "MainProcess"}, "thread": {"id": 140646021131136, "name": "MainThread"}, "time": {"repr": "2024-01-27 06:25:07.940754+08:00", "timestamp": 1706307907.940754}}}
{"text": "2024-01-27 06:25:16 | INFO    | epic_games.agent:claim_weekly_games:326 | claim_weekly_games - {'action': 'move to webPurchaseContainer iframe'}\n", "record": {"elapsed": {"repr": "0:00:32.132090", "seconds": 32.13209}, "exception": null, "extra": {"action": "move to webPurchaseContainer iframe"}, "file": {"name": "agent.py", "path": "/home/runner/work/aaa/aaa/epic/src/epic_games/agent.py"}, "function": "claim_weekly_games", "level": {"icon": "‚ÑπÔ∏è", "name": "INFO", "no": 20}, "line": 326, "message": "claim_weekly_games", "module": "agent", "name": "epic_games.agent", "process": {"id": 3547, "name": "MainProcess"}, "thread": {"id": 140646021131136, "name": "MainThread"}, "time": {"repr": "2024-01-27 06:25:16.132187+08:00", "timestamp": 1706307916.132187}}}
{"text": "2024-01-27 06:25:18 | INFO    | epic_games.agent:claim_weekly_games:328 | claim_weekly_games - {'action': 'click payment button'}\n", "record": {"elapsed": {"repr": "0:00:34.529929", "seconds": 34.529929}, "exception": null, "extra": {"action": "click payment button"}, "file": {"name": "agent.py", "path": "/home/runner/work/aaa/aaa/epic/src/epic_games/agent.py"}, "function": "claim_weekly_games", "level": {"icon": "‚ÑπÔ∏è", "name": "INFO", "no": 20}, "line": 328, "message": "claim_weekly_games", "module": "agent", "name": "epic_games.agent", "process": {"id": 3547, "name": "MainProcess"}, "thread": {"id": 140646021131136, "name": "MainThread"}, "time": {"repr": "2024-01-27 06:25:18.530026+08:00", "timestamp": 1706307918.530026}}}
{"text": "2024-01-27 06:25:23 | DEBUG    | hcaptcha_challenger.agents.playwright.control:_parse_label:241 | get task - {'prompt': 'Œ°lease click on the obj–µct that is rotated with r–µspect to its neighbors'}\n", "record": {"elapsed": {"repr": "0:00:39.532239", "seconds": 39.532239}, "exception": null, "extra": {"prompt": "Œ°lease click on the obj–µct that is rotated with r–µspect to its neighbors"}, "file": {"name": "control.py", "path": "/opt/hostedtoolcache/Python/3.10.13/x64/lib/python3.10/site-packages/hcaptcha_challenger/agents/playwright/control.py"}, "function": "_parse_label", "level": {"icon": "üêû", "name": "DEBUG", "no": 10}, "line": 241, "message": "get task", "module": "control", "name": "hcaptcha_challenger.agents.playwright.control", "process": {"id": 3547, "name": "MainProcess"}, "thread": {"id": 140646021131136, "name": "MainThread"}, "time": {"repr": "2024-01-27 06:25:23.532336+08:00", "timestamp": 1706307923.532336}}}
{"text": "2024-01-27 06:25:28 | DEBUG    | epic_games.agent:insert_challenge:106 | task done - {'sattus': 'success'}\n", "record": {"elapsed": {"repr": "0:00:44.464591", "seconds": 44.464591}, "exception": null, "extra": {"sattus": "success"}, "file": {"name": "agent.py", "path": "/home/runner/work/aaa/aaa/epic/src/epic_games/agent.py"}, "function": "insert_challenge", "level": {"icon": "üêû", "name": "DEBUG", "no": 10}, "line": 106, "message": "task done", "module": "agent", "name": "epic_games.agent", "process": {"id": 3547, "name": "MainProcess"}, "thread": {"id": 140646021131136, "name": "MainThread"}, "time": {"repr": "2024-01-27 06:25:28.464688+08:00", "timestamp": 1706307928.464688}}}
{"text": "2024-01-27 06:26:00 | INFO    | epic_games.agent:claim_weekly_games:294 | claim_weekly_games - {'action': 'go to store', 'url': 'https://store.epicgames.com/en-US/p/infinifactory-ec9686'}\n", "record": {"elapsed": {"repr": "0:01:16.627766", "seconds": 76.627766}, "exception": null, "extra": {"action": "go to store", "url": "https://store.epicgames.com/en-US/p/infinifactory-ec9686"}, "file": {"name": "agent.py", "path": "/home/runner/work/aaa/aaa/epic/src/epic_games/agent.py"}, "function": "claim_weekly_games", "level": {"icon": "‚ÑπÔ∏è", "name": "INFO", "no": 20}, "line": 294, "message": "claim_weekly_games", "module": "agent", "name": "epic_games.agent", "process": {"id": 3547, "name": "MainProcess"}, "thread": {"id": 140646021131136, "name": "MainThread"}, "time": {"repr": "2024-01-27 06:26:00.627863+08:00", "timestamp": 1706307960.627863}}}
{"text": "2024-01-27 06:26:08 | INFO    | epic_games.agent:claim_weekly_games:326 | claim_weekly_games - {'action': 'move to webPurchaseContainer iframe'}\n", "record": {"elapsed": {"repr": "0:01:24.845329", "seconds": 84.845329}, "exception": null, "extra": {"action": "move to webPurchaseContainer iframe"}, "file": {"name": "agent.py", "path": "/home/runner/work/aaa/aaa/epic/src/epic_games/agent.py"}, "function": "claim_weekly_games", "level": {"icon": "‚ÑπÔ∏è", "name": "INFO", "no": 20}, "line": 326, "message": "claim_weekly_games", "module": "agent", "name": "epic_games.agent", "process": {"id": 3547, "name": "MainProcess"}, "thread": {"id": 140646021131136, "name": "MainThread"}, "time": {"repr": "2024-01-27 06:26:08.845426+08:00", "timestamp": 1706307968.845426}}}
{"text": "2024-01-27 06:26:11 | INFO    | epic_games.agent:claim_weekly_games:328 | claim_weekly_games - {'action': 'click payment button'}\n", "record": {"elapsed": {"repr": "0:01:27.226344", "seconds": 87.226344}, "exception": null, "extra": {"action": "click payment button"}, "file": {"name": "agent.py", "path": "/home/runner/work/aaa/aaa/epic/src/epic_games/agent.py"}, "function": "claim_weekly_games", "level": {"icon": "‚ÑπÔ∏è", "name": "INFO", "no": 20}, "line": 328, "message": "claim_weekly_games", "module": "agent", "name": "epic_games.agent", "process": {"id": 3547, "name": "MainProcess"}, "thread": {"id": 140646021131136, "name": "MainThread"}, "time": {"repr": "2024-01-27 06:26:11.226441+08:00", "timestamp": 1706307971.226441}}}
{"text": "2024-01-27 06:26:16 | DEBUG    | hcaptcha_challenger.agents.playwright.control:_parse_label:241 | get task - {'prompt': 'Please click on the object that is rotated with respect to its neighbors'}\n", "record": {"elapsed": {"repr": "0:01:32.228023", "seconds": 92.228023}, "exception": null, "extra": {"prompt": "Please click on the object that is rotated with respect to its neighbors"}, "file": {"name": "control.py", "path": "/opt/hostedtoolcache/Python/3.10.13/x64/lib/python3.10/site-packages/hcaptcha_challenger/agents/playwright/control.py"}, "function": "_parse_label", "level": {"icon": "üêû", "name": "DEBUG", "no": 10}, "line": 241, "message": "get task", "module": "control", "name": "hcaptcha_challenger.agents.playwright.control", "process": {"id": 3547, "name": "MainProcess"}, "thread": {"id": 140646021131136, "name": "MainThread"}, "time": {"repr": "2024-01-27 06:26:16.228120+08:00", "timestamp": 1706307976.22812}}}
{"text": "2024-01-27 06:26:21 | DEBUG    | epic_games.agent:insert_challenge:106 | task done - {'sattus': 'success'}\n", "record": {"elapsed": {"repr": "0:01:37.134496", "seconds": 97.134496}, "exception": null, "extra": {"sattus": "success"}, "file": {"name": "agent.py", "path": "/home/runner/work/aaa/aaa/epic/src/epic_games/agent.py"}, "function": "insert_challenge", "level": {"icon": "üêû", "name": "DEBUG", "no": 10}, "line": 106, "message": "task done", "module": "agent", "name": "epic_games.agent", "process": {"id": 3547, "name": "MainProcess"}, "thread": {"id": 140646021131136, "name": "MainThread"}, "time": {"repr": "2024-01-27 06:26:21.134593+08:00", "timestamp": 1706307981.134593}}}
{"text": "2024-01-27 06:26:53 | INFO    | epic_games.agent:claim_weekly_games:294 | claim_weekly_games - {'action': 'go to store', 'url': 'https://store.epicgames.com/en-US/p/infinifactory-ec9686'}\n", "record": {"elapsed": {"repr": "0:02:09.294539", "seconds": 129.294539}, "exception": null, "extra": {"action": "go to store", "url": "https://store.epicgames.com/en-US/p/infinifactory-ec9686"}, "file": {"name": "agent.py", "path": "/home/runner/work/aaa/aaa/epic/src/epic_games/agent.py"}, "function": "claim_weekly_games", "level": {"icon": "‚ÑπÔ∏è", "name": "INFO", "no": 20}, "line": 294, "message": "claim_weekly_games", "module": "agent", "name": "epic_games.agent", "process": {"id": 3547, "name": "MainProcess"}, "thread": {"id": 140646021131136, "name": "MainThread"}, "time": {"repr": "2024-01-27 06:26:53.294636+08:00", "timestamp": 1706308013.294636}}}
{"text": "2024-01-27 06:27:01 | INFO    | epic_games.agent:claim_weekly_games:326 | claim_weekly_games - {'action': 'move to webPurchaseContainer iframe'}\n", "record": {"elapsed": {"repr": "0:02:17.541342", "seconds": 137.541342}, "exception": null, "extra": {"action": "move to webPurchaseContainer iframe"}, "file": {"name": "agent.py", "path": "/home/runner/work/aaa/aaa/epic/src/epic_games/agent.py"}, "function": "claim_weekly_games", "level": {"icon": "‚ÑπÔ∏è", "name": "INFO", "no": 20}, "line": 326, "message": "claim_weekly_games", "module": "agent", "name": "epic_games.agent", "process": {"id": 3547, "name": "MainProcess"}, "thread": {"id": 140646021131136, "name": "MainThread"}, "time": {"repr": "2024-01-27 06:27:01.541439+08:00", "timestamp": 1706308021.541439}}}
{"text": "2024-01-27 06:27:03 | INFO    | epic_games.agent:claim_weekly_games:328 | claim_weekly_games - {'action': 'click payment button'}\n", "record": {"elapsed": {"repr": "0:02:19.914437", "seconds": 139.914437}, "exception": null, "extra": {"action": "click payment button"}, "file": {"name": "agent.py", "path": "/home/runner/work/aaa/aaa/epic/src/epic_games/agent.py"}, "function": "claim_weekly_games", "level": {"icon": "‚ÑπÔ∏è", "name": "INFO", "no": 20}, "line": 328, "message": "claim_weekly_games", "module": "agent", "name": "epic_games.agent", "process": {"id": 3547, "name": "MainProcess"}, "thread": {"id": 140646021131136, "name": "MainThread"}, "time": {"repr": "2024-01-27 06:27:03.914534+08:00", "timestamp": 1706308023.914534}}}
{"text": "2024-01-27 06:27:08 | DEBUG    | hcaptcha_challenger.agents.playwright.control:_parse_label:241 | get task - {'prompt': 'Please —Ålick eac“ª image containing highl—É specialized ma—Åhines'}\n", "record": {"elapsed": {"repr": "0:02:24.915805", "seconds": 144.915805}, "exception": null, "extra": {"prompt": "Please —Ålick eac“ª image containing highl—É specialized ma—Åhines"}, "file": {"name": "control.py", "path": "/opt/hostedtoolcache/Python/3.10.13/x64/lib/python3.10/site-packages/hcaptcha_challenger/agents/playwright/control.py"}, "function": "_parse_label", "level": {"icon": "üêû", "name": "DEBUG", "no": 10}, "line": 241, "message": "get task", "module": "control", "name": "hcaptcha_challenger.agents.playwright.control", "process": {"id": 3547, "name": "MainProcess"}, "thread": {"id": 140646021131136, "name": "MainThread"}, "time": {"repr": "2024-01-27 06:27:08.915902+08:00", "timestamp": 1706308028.915902}}}
{"text": "2024-01-27 06:27:10 | DEBUG    | hcaptcha_challenger.agents.playwright.control:_catch_all_binary_challenge:474 | handle task - {'unsupervised': 'binary', 'candidate_labels': ['This is a picture that looks like highly specialized machines.', \"This is a picture that don't look like highly specialized machines.\"], 'prompt': 'Please —Ålick eac“ª image containing highl—É specialized ma—Åhines', 'timit': '0.931s'}\n", "record": {"elapsed": {"repr": "0:02:26.016449", "seconds": 146.016449}, "exception": null, "extra": {"unsupervised": "binary", "candidate_labels": ["This is a picture that looks like highly specialized machines.", "This is a picture that don't look like highly specialized machines."], "prompt": "Please —Ålick eac“ª image containing highl—É specialized ma—Åhines", "timit": "0.931s"}, "file": {"name": "control.py", "path": "/opt/hostedtoolcache/Python/3.10.13/x64/lib/python3.10/site-packages/hcaptcha_challenger/agents/playwright/control.py"}, "function": "_catch_all_binary_challenge", "level": {"icon": "üêû", "name": "DEBUG", "no": 10}, "line": 474, "message": "handle task", "module": "control", "name": "hcaptcha_challenger.agents.playwright.control", "process": {"id": 3547, "name": "MainProcess"}, "thread": {"id": 140646021131136, "name": "MainThread"}, "time": {"repr": "2024-01-27 06:27:10.016546+08:00", "timestamp": 1706308030.016546}}}
{"text": "2024-01-27 06:27:16 | DEBUG    | epic_games.agent:insert_challenge:106 | task done - {'sattus': 'success'}\n", "record": {"elapsed": {"repr": "0:02:32.584793", "seconds": 152.584793}, "exception": null, "extra": {"sattus": "success"}, "file": {"name": "agent.py", "path": "/home/runner/work/aaa/aaa/epic/src/epic_games/agent.py"}, "function": "insert_challenge", "level": {"icon": "üêû", "name": "DEBUG", "no": 10}, "line": 106, "message": "task done", "module": "agent", "name": "epic_games.agent", "process": {"id": 3547, "name": "MainProcess"}, "thread": {"id": 140646021131136, "name": "MainThread"}, "time": {"repr": "2024-01-27 06:27:16.584890+08:00", "timestamp": 1706308036.58489}}}
{"text": "2024-01-27 06:27:48 | ERROR    | __main__:run:158 | An error has been caught in function 'run', process 'MainProcess' (3547), thread 'MainThread' (140646021131136): - {}\nTraceback (most recent call last):\n  File \"/home/runner/work/aaa/aaa/epic/src/claim.py\", line 151, in stash\n    await self.claim_epic_games(context)\n  File \"/home/runner/work/aaa/aaa/epic/src/claim.py\", line 122, in claim_epic_games\n    await epic.claim_weekly_games(page, single_promotions)\n  File \"/opt/hostedtoolcache/Python/3.10.13/x64/lib/python3.10/site-packages/tenacity/_asyncio.py\", line 88, in async_wrapped\n    return await fn(*args, **kwargs)\n  File \"/opt/hostedtoolcache/Python/3.10.13/x64/lib/python3.10/site-packages/tenacity/_asyncio.py\", line 47, in __call__\n    do = self.iter(retry_state=retry_state)\n  File \"/opt/hostedtoolcache/Python/3.10.13/x64/lib/python3.10/site-packages/tenacity/__init__.py\", line 325, in iter\n    raise retry_exc.reraise()\n  File \"/opt/hostedtoolcache/Python/3.10.13/x64/lib/python3.10/site-packages/tenacity/__init__.py\", line 158, in reraise\n    raise self.last_attempt.result()\n  File \"/opt/hostedtoolcache/Python/3.10.13/x64/lib/python3.10/concurrent/futures/_base.py\", line 451, in result\n    return self.__get_result()\n  File \"/opt/hostedtoolcache/Python/3.10.13/x64/lib/python3.10/concurrent/futures/_base.py\", line 403, in __get_result\n    raise self._exception\n  File \"/opt/hostedtoolcache/Python/3.10.13/x64/lib/python3.10/site-packages/tenacity/_asyncio.py\", line 50, in __call__\n    result = await fn(*args, **kwargs)\n  File \"/home/runner/work/aaa/aaa/epic/src/epic_games/agent.py\", line 338, in claim_weekly_games\n    await page.wait_for_url(recur_url)\n  File \"/opt/hostedtoolcache/Python/3.10.13/x64/lib/python3.10/site-packages/playwright/async_api/_generated.py\", line 9432, in wait_for_url\n    await self._impl_obj.wait_for_url(\n  File \"/opt/hostedtoolcache/Python/3.10.13/x64/lib/python3.10/site-packages/playwright/_impl/_page.py\", line 508, in wait_for_url\n    return await self._main_frame.wait_for_url(**locals_to_params(locals()))\n  File \"/opt/hostedtoolcache/Python/3.10.13/x64/lib/python3.10/site-packages/playwright/_impl/_frame.py\", line 237, in wait_for_url\n    async with self.expect_navigation(\n  File \"/opt/hostedtoolcache/Python/3.10.13/x64/lib/python3.10/site-packages/playwright/_impl/_event_context_manager.py\", line 33, in __aexit__\n    await self._future\n  File \"/opt/hostedtoolcache/Python/3.10.13/x64/lib/python3.10/site-packages/playwright/_impl/_frame.py\", line 212, in continuation\n    event = await waiter.result()\nplaywright._impl._errors.TimeoutError: Timeout 30000ms exceeded.\n=========================== logs ===========================\nwaiting for navigation to \"https://store.epicgames.com/en-US/cart/success\" until 'load'\n============================================================\n\nDuring handling of the above exception, another exception occurred:\n\nTraceback (most recent call last):\n  File \"/home/runner/work/aaa/aaa/epic/src/claim.py\", line 162, in <module>\n    asyncio.run(run())\n  File \"/opt/hostedtoolcache/Python/3.10.13/x64/lib/python3.10/asyncio/runners.py\", line 44, in run\n    return loop.run_until_complete(main)\n  File \"/opt/hostedtoolcache/Python/3.10.13/x64/lib/python3.10/asyncio/base_events.py\", line 636, in run_until_complete\n    self.run_forever()\n  File \"/opt/hostedtoolcache/Python/3.10.13/x64/lib/python3.10/asyncio/base_events.py\", line 603, in run_forever\n    self._run_once()\n  File \"/opt/hostedtoolcache/Python/3.10.13/x64/lib/python3.10/asyncio/base_events.py\", line 1909, in _run_once\n    handle._run()\n  File \"/opt/hostedtoolcache/Python/3.10.13/x64/lib/python3.10/asyncio/events.py\", line 80, in _run\n    self._context.run(self._callback, *self._args)\n> File \"/home/runner/work/aaa/aaa/epic/src/claim.py\", line 158, in run\n    await agent.stash()\n  File \"/home/runner/work/aaa/aaa/epic/src/claim.py\", line 139, in stash\n    async with async_playwright() as p:\n  File \"/opt/hostedtoolcache/Python/3.10.13/x64/lib/python3.10/site-packages/playwright/async_api/_context_manager.py\", line 58, in __aexit__\n    await self._connection.stop_async()\n  File \"/opt/hostedtoolcache/Python/3.10.13/x64/lib/python3.10/site-packages/playwright/_impl/_connection.py\", line 289, in stop_async\n    self.cleanup()\n  File \"/opt/hostedtoolcache/Python/3.10.13/x64/lib/python3.10/site-packages/playwright/_impl/_connection.py\", line 300, in cleanup\n    callback.future.set_exception(self._closed_error)\nasyncio.exceptions.InvalidStateError: invalid state\n", "record": {"elapsed": {"repr": "0:03:04.443808", "seconds": 184.443808}, "exception": {"type": "InvalidStateError", "value": "invalid state", "traceback": true}, "extra": {}, "file": {"name": "claim.py", "path": "/home/runner/work/aaa/aaa/epic/src/claim.py"}, "function": "run", "level": {"icon": "‚ùå", "name": "ERROR", "no": 40}, "line": 158, "message": "An error has been caught in function 'run', process 'MainProcess' (3547), thread 'MainThread' (140646021131136):", "module": "claim", "name": "__main__", "process": {"id": 3547, "name": "MainProcess"}, "thread": {"id": 140646021131136, "name": "MainThread"}, "time": {"repr": "2024-01-27 06:27:48.443905+08:00", "timestamp": 1706308068.443905}}}
