{"text": "2024-01-26 06:23:37 | INFO    | __main__:stash:131 | run - {'image': '20231121', 'version': '0.10.1.post2', 'role': 'EpicPlayer', 'headless': True}\n", "record": {"elapsed": {"repr": "0:00:01.224422", "seconds": 1.224422}, "exception": null, "extra": {"image": "20231121", "version": "0.10.1.post2", "role": "EpicPlayer", "headless": true}, "file": {"name": "claim.py", "path": "/home/runner/work/aaa/aaa/epic/src/claim.py"}, "function": "stash", "level": {"icon": "‚ÑπÔ∏è", "name": "INFO", "no": 20}, "line": 131, "message": "run", "module": "claim", "name": "__main__", "process": {"id": 3543, "name": "MainProcess"}, "thread": {"id": 140559931100032, "name": "MainThread"}, "time": {"repr": "2024-01-26 06:23:37.906019+08:00", "timestamp": 1706221417.906019}}}
{"text": "2024-01-26 06:23:45 | WARNING    | epic_games.agent:get_order_history:467 | Failed to get order history, cookie may have expired - {}\n", "record": {"elapsed": {"repr": "0:00:08.447701", "seconds": 8.447701}, "exception": null, "extra": {}, "file": {"name": "agent.py", "path": "/home/runner/work/aaa/aaa/epic/src/epic_games/agent.py"}, "function": "get_order_history", "level": {"icon": "‚ö†Ô∏è", "name": "WARNING", "no": 30}, "line": 467, "message": "Failed to get order history, cookie may have expired", "module": "agent", "name": "epic_games.agent", "process": {"id": 3543, "name": "MainProcess"}, "thread": {"id": 140559931100032, "name": "MainThread"}, "time": {"repr": "2024-01-26 06:23:45.129298+08:00", "timestamp": 1706221425.129298}}}
{"text": "2024-01-26 06:23:45 | DEBUG    | __main__:create_tasks:66 | Put task - {'title': 'Infinifactory', 'url': 'https://store.epicgames.com/en-US/p/infinifactory-ec9686'}\n", "record": {"elapsed": {"repr": "0:00:08.751274", "seconds": 8.751274}, "exception": null, "extra": {"title": "Infinifactory", "url": "https://store.epicgames.com/en-US/p/infinifactory-ec9686"}, "file": {"name": "claim.py", "path": "/home/runner/work/aaa/aaa/epic/src/claim.py"}, "function": "create_tasks", "level": {"icon": "üêû", "name": "DEBUG", "no": 10}, "line": 66, "message": "Put task", "module": "claim", "name": "__main__", "process": {"id": 3543, "name": "MainProcess"}, "thread": {"id": 140559931100032, "name": "MainThread"}, "time": {"repr": "2024-01-26 06:23:45.432871+08:00", "timestamp": 1706221425.432871}}}
{"text": "2024-01-26 06:23:50 | INFO    | epic_games.agent:claim_weekly_games:294 | claim_weekly_games - {'action': 'go to store', 'url': 'https://store.epicgames.com/en-US/p/infinifactory-ec9686'}\n", "record": {"elapsed": {"repr": "0:00:14.142448", "seconds": 14.142448}, "exception": null, "extra": {"action": "go to store", "url": "https://store.epicgames.com/en-US/p/infinifactory-ec9686"}, "file": {"name": "agent.py", "path": "/home/runner/work/aaa/aaa/epic/src/epic_games/agent.py"}, "function": "claim_weekly_games", "level": {"icon": "‚ÑπÔ∏è", "name": "INFO", "no": 20}, "line": 294, "message": "claim_weekly_games", "module": "agent", "name": "epic_games.agent", "process": {"id": 3543, "name": "MainProcess"}, "thread": {"id": 140559931100032, "name": "MainThread"}, "time": {"repr": "2024-01-26 06:23:50.824045+08:00", "timestamp": 1706221430.824045}}}
{"text": "2024-01-26 06:23:59 | INFO    | epic_games.agent:claim_weekly_games:326 | claim_weekly_games - {'action': 'move to webPurchaseContainer iframe'}\n", "record": {"elapsed": {"repr": "0:00:23.229915", "seconds": 23.229915}, "exception": null, "extra": {"action": "move to webPurchaseContainer iframe"}, "file": {"name": "agent.py", "path": "/home/runner/work/aaa/aaa/epic/src/epic_games/agent.py"}, "function": "claim_weekly_games", "level": {"icon": "‚ÑπÔ∏è", "name": "INFO", "no": 20}, "line": 326, "message": "claim_weekly_games", "module": "agent", "name": "epic_games.agent", "process": {"id": 3543, "name": "MainProcess"}, "thread": {"id": 140559931100032, "name": "MainThread"}, "time": {"repr": "2024-01-26 06:23:59.911512+08:00", "timestamp": 1706221439.911512}}}
{"text": "2024-01-26 06:24:02 | INFO    | epic_games.agent:claim_weekly_games:328 | claim_weekly_games - {'action': 'click payment button'}\n", "record": {"elapsed": {"repr": "0:00:25.609241", "seconds": 25.609241}, "exception": null, "extra": {"action": "click payment button"}, "file": {"name": "agent.py", "path": "/home/runner/work/aaa/aaa/epic/src/epic_games/agent.py"}, "function": "claim_weekly_games", "level": {"icon": "‚ÑπÔ∏è", "name": "INFO", "no": 20}, "line": 328, "message": "claim_weekly_games", "module": "agent", "name": "epic_games.agent", "process": {"id": 3543, "name": "MainProcess"}, "thread": {"id": 140559931100032, "name": "MainThread"}, "time": {"repr": "2024-01-26 06:24:02.290838+08:00", "timestamp": 1706221442.290838}}}
{"text": "2024-01-26 06:24:07 | DEBUG    | hcaptcha_challenger.agents.playwright.control:_parse_label:241 | get task - {'prompt': 'Please find and click on the number 8 —ñn the —ñmage below.'}\n", "record": {"elapsed": {"repr": "0:00:30.611766", "seconds": 30.611766}, "exception": null, "extra": {"prompt": "Please find and click on the number 8 —ñn the —ñmage below."}, "file": {"name": "control.py", "path": "/opt/hostedtoolcache/Python/3.10.13/x64/lib/python3.10/site-packages/hcaptcha_challenger/agents/playwright/control.py"}, "function": "_parse_label", "level": {"icon": "üêû", "name": "DEBUG", "no": 10}, "line": 241, "message": "get task", "module": "control", "name": "hcaptcha_challenger.agents.playwright.control", "process": {"id": 3543, "name": "MainProcess"}, "thread": {"id": 140559931100032, "name": "MainThread"}, "time": {"repr": "2024-01-26 06:24:07.293363+08:00", "timestamp": 1706221447.293363}}}
{"text": "2024-01-26 06:24:12 | DEBUG    | epic_games.agent:insert_challenge:106 | task done - {'sattus': 'success'}\n", "record": {"elapsed": {"repr": "0:00:35.629301", "seconds": 35.629301}, "exception": null, "extra": {"sattus": "success"}, "file": {"name": "agent.py", "path": "/home/runner/work/aaa/aaa/epic/src/epic_games/agent.py"}, "function": "insert_challenge", "level": {"icon": "üêû", "name": "DEBUG", "no": 10}, "line": 106, "message": "task done", "module": "agent", "name": "epic_games.agent", "process": {"id": 3543, "name": "MainProcess"}, "thread": {"id": 140559931100032, "name": "MainThread"}, "time": {"repr": "2024-01-26 06:24:12.310898+08:00", "timestamp": 1706221452.310898}}}
{"text": "2024-01-26 06:24:44 | INFO    | epic_games.agent:claim_weekly_games:294 | claim_weekly_games - {'action': 'go to store', 'url': 'https://store.epicgames.com/en-US/p/infinifactory-ec9686'}\n", "record": {"elapsed": {"repr": "0:01:07.806794", "seconds": 67.806794}, "exception": null, "extra": {"action": "go to store", "url": "https://store.epicgames.com/en-US/p/infinifactory-ec9686"}, "file": {"name": "agent.py", "path": "/home/runner/work/aaa/aaa/epic/src/epic_games/agent.py"}, "function": "claim_weekly_games", "level": {"icon": "‚ÑπÔ∏è", "name": "INFO", "no": 20}, "line": 294, "message": "claim_weekly_games", "module": "agent", "name": "epic_games.agent", "process": {"id": 3543, "name": "MainProcess"}, "thread": {"id": 140559931100032, "name": "MainThread"}, "time": {"repr": "2024-01-26 06:24:44.488391+08:00", "timestamp": 1706221484.488391}}}
{"text": "2024-01-26 06:24:52 | INFO    | epic_games.agent:claim_weekly_games:326 | claim_weekly_games - {'action': 'move to webPurchaseContainer iframe'}\n", "record": {"elapsed": {"repr": "0:01:16.099866", "seconds": 76.099866}, "exception": null, "extra": {"action": "move to webPurchaseContainer iframe"}, "file": {"name": "agent.py", "path": "/home/runner/work/aaa/aaa/epic/src/epic_games/agent.py"}, "function": "claim_weekly_games", "level": {"icon": "‚ÑπÔ∏è", "name": "INFO", "no": 20}, "line": 326, "message": "claim_weekly_games", "module": "agent", "name": "epic_games.agent", "process": {"id": 3543, "name": "MainProcess"}, "thread": {"id": 140559931100032, "name": "MainThread"}, "time": {"repr": "2024-01-26 06:24:52.781463+08:00", "timestamp": 1706221492.781463}}}
{"text": "2024-01-26 06:24:55 | INFO    | epic_games.agent:claim_weekly_games:328 | claim_weekly_games - {'action': 'click payment button'}\n", "record": {"elapsed": {"repr": "0:01:18.527661", "seconds": 78.527661}, "exception": null, "extra": {"action": "click payment button"}, "file": {"name": "agent.py", "path": "/home/runner/work/aaa/aaa/epic/src/epic_games/agent.py"}, "function": "claim_weekly_games", "level": {"icon": "‚ÑπÔ∏è", "name": "INFO", "no": 20}, "line": 328, "message": "claim_weekly_games", "module": "agent", "name": "epic_games.agent", "process": {"id": 3543, "name": "MainProcess"}, "thread": {"id": 140559931100032, "name": "MainThread"}, "time": {"repr": "2024-01-26 06:24:55.209258+08:00", "timestamp": 1706221495.209258}}}
{"text": "2024-01-26 06:25:00 | DEBUG    | hcaptcha_challenger.agents.playwright.control:_parse_label:241 | get task - {'prompt': 'Plea—ïe find and click on the number 8 in the image below.'}\n", "record": {"elapsed": {"repr": "0:01:23.530295", "seconds": 83.530295}, "exception": null, "extra": {"prompt": "Plea—ïe find and click on the number 8 in the image below."}, "file": {"name": "control.py", "path": "/opt/hostedtoolcache/Python/3.10.13/x64/lib/python3.10/site-packages/hcaptcha_challenger/agents/playwright/control.py"}, "function": "_parse_label", "level": {"icon": "üêû", "name": "DEBUG", "no": 10}, "line": 241, "message": "get task", "module": "control", "name": "hcaptcha_challenger.agents.playwright.control", "process": {"id": 3543, "name": "MainProcess"}, "thread": {"id": 140559931100032, "name": "MainThread"}, "time": {"repr": "2024-01-26 06:25:00.211892+08:00", "timestamp": 1706221500.211892}}}
{"text": "2024-01-26 06:25:05 | DEBUG    | epic_games.agent:insert_challenge:106 | task done - {'sattus': 'success'}\n", "record": {"elapsed": {"repr": "0:01:29.066722", "seconds": 89.066722}, "exception": null, "extra": {"sattus": "success"}, "file": {"name": "agent.py", "path": "/home/runner/work/aaa/aaa/epic/src/epic_games/agent.py"}, "function": "insert_challenge", "level": {"icon": "üêû", "name": "DEBUG", "no": 10}, "line": 106, "message": "task done", "module": "agent", "name": "epic_games.agent", "process": {"id": 3543, "name": "MainProcess"}, "thread": {"id": 140559931100032, "name": "MainThread"}, "time": {"repr": "2024-01-26 06:25:05.748319+08:00", "timestamp": 1706221505.748319}}}
{"text": "2024-01-26 06:25:37 | INFO    | epic_games.agent:claim_weekly_games:294 | claim_weekly_games - {'action': 'go to store', 'url': 'https://store.epicgames.com/en-US/p/infinifactory-ec9686'}\n", "record": {"elapsed": {"repr": "0:02:01.204815", "seconds": 121.204815}, "exception": null, "extra": {"action": "go to store", "url": "https://store.epicgames.com/en-US/p/infinifactory-ec9686"}, "file": {"name": "agent.py", "path": "/home/runner/work/aaa/aaa/epic/src/epic_games/agent.py"}, "function": "claim_weekly_games", "level": {"icon": "‚ÑπÔ∏è", "name": "INFO", "no": 20}, "line": 294, "message": "claim_weekly_games", "module": "agent", "name": "epic_games.agent", "process": {"id": 3543, "name": "MainProcess"}, "thread": {"id": 140559931100032, "name": "MainThread"}, "time": {"repr": "2024-01-26 06:25:37.886412+08:00", "timestamp": 1706221537.886412}}}
{"text": "2024-01-26 06:25:46 | INFO    | epic_games.agent:claim_weekly_games:326 | claim_weekly_games - {'action': 'move to webPurchaseContainer iframe'}\n", "record": {"elapsed": {"repr": "0:02:09.423750", "seconds": 129.42375}, "exception": null, "extra": {"action": "move to webPurchaseContainer iframe"}, "file": {"name": "agent.py", "path": "/home/runner/work/aaa/aaa/epic/src/epic_games/agent.py"}, "function": "claim_weekly_games", "level": {"icon": "‚ÑπÔ∏è", "name": "INFO", "no": 20}, "line": 326, "message": "claim_weekly_games", "module": "agent", "name": "epic_games.agent", "process": {"id": 3543, "name": "MainProcess"}, "thread": {"id": 140559931100032, "name": "MainThread"}, "time": {"repr": "2024-01-26 06:25:46.105347+08:00", "timestamp": 1706221546.105347}}}
{"text": "2024-01-26 06:25:48 | INFO    | epic_games.agent:claim_weekly_games:328 | claim_weekly_games - {'action': 'click payment button'}\n", "record": {"elapsed": {"repr": "0:02:11.803542", "seconds": 131.803542}, "exception": null, "extra": {"action": "click payment button"}, "file": {"name": "agent.py", "path": "/home/runner/work/aaa/aaa/epic/src/epic_games/agent.py"}, "function": "claim_weekly_games", "level": {"icon": "‚ÑπÔ∏è", "name": "INFO", "no": 20}, "line": 328, "message": "claim_weekly_games", "module": "agent", "name": "epic_games.agent", "process": {"id": 3543, "name": "MainProcess"}, "thread": {"id": 140559931100032, "name": "MainThread"}, "time": {"repr": "2024-01-26 06:25:48.485139+08:00", "timestamp": 1706221548.485139}}}
{"text": "2024-01-26 06:25:53 | DEBUG    | hcaptcha_challenger.agents.playwright.control:_parse_label:241 | get task - {'prompt': 'Please find –∞nd click on the number 8 in the image below.'}\n", "record": {"elapsed": {"repr": "0:02:16.805111", "seconds": 136.805111}, "exception": null, "extra": {"prompt": "Please find –∞nd click on the number 8 in the image below."}, "file": {"name": "control.py", "path": "/opt/hostedtoolcache/Python/3.10.13/x64/lib/python3.10/site-packages/hcaptcha_challenger/agents/playwright/control.py"}, "function": "_parse_label", "level": {"icon": "üêû", "name": "DEBUG", "no": 10}, "line": 241, "message": "get task", "module": "control", "name": "hcaptcha_challenger.agents.playwright.control", "process": {"id": 3543, "name": "MainProcess"}, "thread": {"id": 140559931100032, "name": "MainThread"}, "time": {"repr": "2024-01-26 06:25:53.486708+08:00", "timestamp": 1706221553.486708}}}
{"text": "2024-01-26 06:25:58 | DEBUG    | epic_games.agent:insert_challenge:106 | task done - {'sattus': 'success'}\n", "record": {"elapsed": {"repr": "0:02:21.800195", "seconds": 141.800195}, "exception": null, "extra": {"sattus": "success"}, "file": {"name": "agent.py", "path": "/home/runner/work/aaa/aaa/epic/src/epic_games/agent.py"}, "function": "insert_challenge", "level": {"icon": "üêû", "name": "DEBUG", "no": 10}, "line": 106, "message": "task done", "module": "agent", "name": "epic_games.agent", "process": {"id": 3543, "name": "MainProcess"}, "thread": {"id": 140559931100032, "name": "MainThread"}, "time": {"repr": "2024-01-26 06:25:58.481792+08:00", "timestamp": 1706221558.481792}}}
{"text": "2024-01-26 06:26:30 | ERROR    | __main__:run:158 | An error has been caught in function 'run', process 'MainProcess' (3543), thread 'MainThread' (140559931100032): - {}\nTraceback (most recent call last):\n  File \"/home/runner/work/aaa/aaa/epic/src/claim.py\", line 151, in stash\n    await self.claim_epic_games(context)\n  File \"/home/runner/work/aaa/aaa/epic/src/claim.py\", line 122, in claim_epic_games\n    await epic.claim_weekly_games(page, single_promotions)\n  File \"/opt/hostedtoolcache/Python/3.10.13/x64/lib/python3.10/site-packages/tenacity/_asyncio.py\", line 88, in async_wrapped\n    return await fn(*args, **kwargs)\n  File \"/opt/hostedtoolcache/Python/3.10.13/x64/lib/python3.10/site-packages/tenacity/_asyncio.py\", line 47, in __call__\n    do = self.iter(retry_state=retry_state)\n  File \"/opt/hostedtoolcache/Python/3.10.13/x64/lib/python3.10/site-packages/tenacity/__init__.py\", line 325, in iter\n    raise retry_exc.reraise()\n  File \"/opt/hostedtoolcache/Python/3.10.13/x64/lib/python3.10/site-packages/tenacity/__init__.py\", line 158, in reraise\n    raise self.last_attempt.result()\n  File \"/opt/hostedtoolcache/Python/3.10.13/x64/lib/python3.10/concurrent/futures/_base.py\", line 451, in result\n    return self.__get_result()\n  File \"/opt/hostedtoolcache/Python/3.10.13/x64/lib/python3.10/concurrent/futures/_base.py\", line 403, in __get_result\n    raise self._exception\n  File \"/opt/hostedtoolcache/Python/3.10.13/x64/lib/python3.10/site-packages/tenacity/_asyncio.py\", line 50, in __call__\n    result = await fn(*args, **kwargs)\n  File \"/home/runner/work/aaa/aaa/epic/src/epic_games/agent.py\", line 338, in claim_weekly_games\n    await page.wait_for_url(recur_url)\n  File \"/opt/hostedtoolcache/Python/3.10.13/x64/lib/python3.10/site-packages/playwright/async_api/_generated.py\", line 9432, in wait_for_url\n    await self._impl_obj.wait_for_url(\n  File \"/opt/hostedtoolcache/Python/3.10.13/x64/lib/python3.10/site-packages/playwright/_impl/_page.py\", line 508, in wait_for_url\n    return await self._main_frame.wait_for_url(**locals_to_params(locals()))\n  File \"/opt/hostedtoolcache/Python/3.10.13/x64/lib/python3.10/site-packages/playwright/_impl/_frame.py\", line 237, in wait_for_url\n    async with self.expect_navigation(\n  File \"/opt/hostedtoolcache/Python/3.10.13/x64/lib/python3.10/site-packages/playwright/_impl/_event_context_manager.py\", line 33, in __aexit__\n    await self._future\n  File \"/opt/hostedtoolcache/Python/3.10.13/x64/lib/python3.10/site-packages/playwright/_impl/_frame.py\", line 212, in continuation\n    event = await waiter.result()\nplaywright._impl._errors.TimeoutError: Timeout 30000ms exceeded.\n=========================== logs ===========================\nwaiting for navigation to \"https://store.epicgames.com/en-US/cart/success\" until 'load'\n============================================================\n\nDuring handling of the above exception, another exception occurred:\n\nTraceback (most recent call last):\n  File \"/home/runner/work/aaa/aaa/epic/src/claim.py\", line 162, in <module>\n    asyncio.run(run())\n  File \"/opt/hostedtoolcache/Python/3.10.13/x64/lib/python3.10/asyncio/runners.py\", line 44, in run\n    return loop.run_until_complete(main)\n  File \"/opt/hostedtoolcache/Python/3.10.13/x64/lib/python3.10/asyncio/base_events.py\", line 636, in run_until_complete\n    self.run_forever()\n  File \"/opt/hostedtoolcache/Python/3.10.13/x64/lib/python3.10/asyncio/base_events.py\", line 603, in run_forever\n    self._run_once()\n  File \"/opt/hostedtoolcache/Python/3.10.13/x64/lib/python3.10/asyncio/base_events.py\", line 1909, in _run_once\n    handle._run()\n  File \"/opt/hostedtoolcache/Python/3.10.13/x64/lib/python3.10/asyncio/events.py\", line 80, in _run\n    self._context.run(self._callback, *self._args)\n> File \"/home/runner/work/aaa/aaa/epic/src/claim.py\", line 158, in run\n    await agent.stash()\n  File \"/home/runner/work/aaa/aaa/epic/src/claim.py\", line 139, in stash\n    async with async_playwright() as p:\n  File \"/opt/hostedtoolcache/Python/3.10.13/x64/lib/python3.10/site-packages/playwright/async_api/_context_manager.py\", line 58, in __aexit__\n    await self._connection.stop_async()\n  File \"/opt/hostedtoolcache/Python/3.10.13/x64/lib/python3.10/site-packages/playwright/_impl/_connection.py\", line 289, in stop_async\n    self.cleanup()\n  File \"/opt/hostedtoolcache/Python/3.10.13/x64/lib/python3.10/site-packages/playwright/_impl/_connection.py\", line 300, in cleanup\n    callback.future.set_exception(self._closed_error)\nasyncio.exceptions.InvalidStateError: invalid state\n", "record": {"elapsed": {"repr": "0:02:53.655428", "seconds": 173.655428}, "exception": {"type": "InvalidStateError", "value": "invalid state", "traceback": true}, "extra": {}, "file": {"name": "claim.py", "path": "/home/runner/work/aaa/aaa/epic/src/claim.py"}, "function": "run", "level": {"icon": "‚ùå", "name": "ERROR", "no": 40}, "line": 158, "message": "An error has been caught in function 'run', process 'MainProcess' (3543), thread 'MainThread' (140559931100032):", "module": "claim", "name": "__main__", "process": {"id": 3543, "name": "MainProcess"}, "thread": {"id": 140559931100032, "name": "MainThread"}, "time": {"repr": "2024-01-26 06:26:30.337025+08:00", "timestamp": 1706221590.337025}}}
